Arguments: 
  /root/.nvm/versions/node/v15.6.0/bin/node /root/.nvm/versions/node/v15.6.0/bin/yarn add chart.js

PATH: 
  /root/.nvm/versions/node/v15.6.0/bin:/usr/local/sbin:/usr/local/bin:/usr/sbin:/usr/bin:/sbin:/bin:/usr/games:/usr/local/games:/mnt/c/Program Files/Common Files/Oracle/Java/javapath:/mnt/c/Program Files (x86)/NVIDIA Corporation/PhysX/Common:/mnt/c/Program Files/ImageMagick-7.0.11-Q16-HDRI:/mnt/c/Windows/system32:/mnt/c/Windows:/mnt/c/Windows/System32/Wbem:/mnt/c/Windows/System32/WindowsPowerShell/v1.0/:/mnt/c/Windows/System32/OpenSSH/:/mnt/c/Program Files/Intel/WiFi/bin/:/mnt/c/Program Files/Common Files/Intel/WirelessCommon/:/mnt/c/ProgramData/chocolatey/bin:/mnt/c/ProgramData/chocolatey/lib/mpv.install/tools:/mnt/c/Program Files (x86)/sbt/bin:/mnt/c/Program Files/Java/jdk-15.0.2/bin:/mnt/c/ProgramData/chocolatey/lib/idris/tools/idris:/mnt/c/ProgramData/chocolatey/lib/idris/tools/idris/mingw/bin:/mnt/c/Program Files (x86)/Vagrant/bin:/mnt/c/Users/Leonardo/.cargo/bin:/mnt/c/Users/Leonardo/AppData/Local/Microsoft/WindowsApps:/mnt/c/tools/Cmder:/mnt/c/Users/Leonardo/AppData/Local/Programs/Microsoft VS Code/bin:/snap/bin:/root/.dotnet/tools:/mnt/c/ProgramData/chocolatey/lib/mpv.install/tools:/root/.cargo/bin:/root/.cabal/bin/:/mnt/c/Users/Leonardo/AppData/Local/Programs/Microsoft VS Code/bin

Yarn version: 
  1.22.10

Node version: 
  15.6.0

Platform: 
  linux x64

Trace: 
  SyntaxError: /mnt/c/Workspace/ccsvjs/package.json: Unexpected token } in JSON at position 509
      at JSON.parse (<anonymous>)
      at /root/.nvm/versions/node/v15.6.0/lib/node_modules/yarn/lib/cli.js:1625:59
      at Generator.next (<anonymous>)
      at step (/root/.nvm/versions/node/v15.6.0/lib/node_modules/yarn/lib/cli.js:310:30)
      at /root/.nvm/versions/node/v15.6.0/lib/node_modules/yarn/lib/cli.js:321:13

npm manifest: 
  {
    "name": "ccsvjs",
    "version": "1.0.0",
    "description": "Graphs for Codeforces contests",
    "main": "src/index.ts",
    "license": "GPL-3.0-or-later",
    "private": false,
    "dependencies": {
      "parcel-bundler": "^1.12.5",
      "lodash": "^4.17.21"
    },
    "scripts": {
      "build": "parcel build src/index.html --public-url ./",
      "start": "parcel src/index.html --public-url ./",
      "deploy": "git subtree push --prefix dist origin gh-pages"
    },
    "devDependencies": {
      "typescript": "^4.3.2"
    },
  }

yarn manifest: 
  No manifest

Lockfile: 
  # THIS IS AN AUTOGENERATED FILE. DO NOT EDIT THIS FILE DIRECTLY.
  # yarn lockfile v1
  
  
  lodash@^4.17.21:
    version "4.17.21"
    resolved "https://registry.yarnpkg.com/lodash/-/lodash-4.17.21.tgz#679591c564c3bffaae8454cf0b3df370c3d6911c"
    integrity sha512-v2kDEe57lecTulaDIuNTPy3Ry4gLGJ6Z1O3vE1krgXZNrsQ+LFTGHVxVjcXPs17LhbZVGedAJv8XZ1tvj5FvSg==
